\BOOKMARK [0][-]{chapter.1}{\376\377\000I\000n\000t\000r\000o\000d\000u\000\347\000\343\000o\000\040\000a\000o\000\040\000T\000e\000m\000a}{}% 1
\BOOKMARK [1][-]{section.1.1}{\376\377\000A\000r\000q\000u\000i\000t\000e\000t\000u\000r\000a\000\040\000d\000a\000\040\000A\000p\000l\000i\000c\000a\000\347\000\343\000o\000\040\000e\000\040\000T\000e\000c\000n\000o\000l\000o\000g\000i\000a\000s\000\040\000U\000t\000i\000l\000i\000z\000a\000d\000a\000s}{chapter.1}% 2
\BOOKMARK [1][-]{section.1.2}{\376\377\000F\000l\000u\000x\000o\000\040\000G\000e\000r\000a\000l\000\040\000d\000a\000\040\000S\000o\000l\000u\000\347\000\343\000o}{chapter.1}% 3
\BOOKMARK [0][-]{chapter.2}{\376\377\000D\000a\000d\000o\000s\000,\000\040\000s\000u\000a\000s\000\040\000f\000o\000n\000t\000e\000s\000\040\000e\000\040\000s\000u\000a\000\040\000t\000r\000a\000n\000s\000f\000o\000r\000m\000a\000\347\000\343\000o}{}% 4
\BOOKMARK [1][-]{section.2.1}{\376\377\000F\000o\000n\000t\000e\000s\000\040\000d\000e\000\040\000D\000a\000d\000o\000s\000\040\000P\000r\000i\000n\000c\000i\000p\000a\000i\000s}{chapter.2}% 5
\BOOKMARK [1][-]{section.2.2}{\376\377\000T\000r\000a\000n\000s\000f\000o\000r\000m\000a\000\347\000\343\000o\000\040\000p\000a\000r\000a\000\040\000R\000D\000F}{chapter.2}% 6
\BOOKMARK [1][-]{section.2.3}{\376\377\000D\000a\000d\000o\000s\000\040\000C\000o\000m\000p\000l\000e\000m\000e\000n\000t\000a\000r\000e\000s\000\040\000p\000a\000r\000a\000\040\000a\000\040\000I\000n\000t\000e\000r\000f\000a\000c\000e}{chapter.2}% 7
\BOOKMARK [0][-]{chapter.3}{\376\377\000O\000p\000e\000r\000a\000\347\000\365\000e\000s\000\040\000s\000o\000b\000r\000e\000\040\000o\000s\000\040\000d\000a\000d\000o\000s\000\040\000\050\000S\000P\000A\000R\000Q\000L\000\051}{}% 8
\BOOKMARK [1][-]{section.3.1}{\376\377\000V\000i\000s\000\343\000o\000\040\000g\000e\000r\000a\000l\000\040\000d\000a\000\040\000o\000r\000g\000a\000n\000i\000z\000a\000\347\000\343\000o}{chapter.3}% 9
\BOOKMARK [1][-]{section.3.2}{\376\377\000C\000a\000t\000\341\000l\000o\000g\000o\000\040\000f\000u\000n\000c\000i\000o\000n\000a\000l\000\040\000d\000a\000s\000\040\000q\000u\000e\000r\000i\000e\000s}{chapter.3}% 10
\BOOKMARK [2][-]{subsection.3.2.1}{\376\377\000J\000o\000g\000a\000d\000o\000r\000e\000s}{section.3.2}% 11
\BOOKMARK [2][-]{subsection.3.2.2}{\376\377\000E\000q\000u\000i\000p\000a\000s\000\040\000e\000\040\000f\000r\000a\000n\000q\000u\000i\000a\000s}{section.3.2}% 12
\BOOKMARK [2][-]{subsection.3.2.3}{\376\377\000L\000i\000g\000a\000s}{section.3.2}% 13
\BOOKMARK [2][-]{subsection.3.2.4}{\376\377\000G\000r\000a\000f\000o\000\040\000r\000e\000l\000a\000c\000i\000o\000n\000a\000l}{section.3.2}% 14
\BOOKMARK [2][-]{subsection.3.2.5}{\376\377\000V\000i\000s\000t\000a\000s\000\040\000a\000u\000x\000i\000l\000i\000a\000r\000e\000s\000\040\000e\000\040\000r\000a\000n\000k\000i\000n\000g\000s}{section.3.2}% 15
\BOOKMARK [2][-]{subsection.3.2.6}{\376\377\000Q\000u\000i\000z\000\040\000i\000n\000t\000e\000r\000a\000t\000i\000v\000o}{section.3.2}% 16
\BOOKMARK [2][-]{subsection.3.2.7}{\376\377\000S\000u\000g\000e\000s\000t\000\365\000e\000s\000\040\000e\000\040\000e\000d\000i\000\347\000\365\000e\000s\000\040\000a\000d\000m\000i\000n\000i\000s\000t\000r\000a\000t\000i\000v\000a\000s}{section.3.2}% 17
\BOOKMARK [1][-]{section.3.3}{\376\377\000E\000x\000e\000m\000p\000l\000o\000s\000\040\000r\000e\000p\000r\000e\000s\000e\000n\000t\000a\000t\000i\000v\000o\000s}{chapter.3}% 18
\BOOKMARK [2][-]{subsection.3.3.1}{\376\377\000E\000x\000e\000m\000p\000l\000o\000\040\0001\000:\000\040\000c\000a\000t\000\341\000l\000o\000g\000o\000\040\000d\000e\000\040\000j\000o\000g\000a\000d\000o\000r\000e\000s}{section.3.3}% 19
\BOOKMARK [2][-]{subsection.3.3.2}{\376\377\000E\000x\000e\000m\000p\000l\000o\000\040\0002\000:\000\040\000h\000i\000s\000t\000\363\000r\000i\000c\000o\000\040\000d\000e\000\040\000f\000r\000a\000n\000q\000u\000i\000a}{section.3.3}% 20
\BOOKMARK [2][-]{subsection.3.3.3}{\376\377\000E\000x\000e\000m\000p\000l\000o\000\040\0003\000:\000\040\000v\000e\000r\000i\000f\000i\000c\000a\000\347\000\343\000o\000\040\000d\000o\000\040\000q\000u\000i\000z\000\040\000c\000o\000m\000\040\000A\000S\000K}{section.3.3}% 21
\BOOKMARK [2][-]{subsection.3.3.4}{\376\377\000E\000x\000e\000m\000p\000l\000o\000\040\0004\000:\000\040\000p\000u\000b\000l\000i\000c\000a\000\347\000\343\000o\000\040\000d\000e\000\040\000e\000d\000i\000\347\000\365\000e\000s\000\040\000a\000p\000r\000o\000v\000a\000d\000a\000s}{section.3.3}% 22
\BOOKMARK [1][-]{section.3.4}{\376\377\000I\000n\000v\000e\000n\000t\000\341\000r\000i\000o\000\040\000c\000o\000m\000p\000l\000e\000t\000o\000\040\000d\000a\000s\000\040\000q\000u\000e\000r\000i\000e\000s}{chapter.3}% 23
\BOOKMARK [2][-]{subsection.3.4.1}{\376\377\000p\000l\000a\000y\000e\000r\000s\000.\000p\000y}{section.3.4}% 24
\BOOKMARK [2][-]{subsection.3.4.2}{\376\377\000t\000e\000a\000m\000s\000.\000p\000y}{section.3.4}% 25
\BOOKMARK [2][-]{subsection.3.4.3}{\376\377\000l\000e\000a\000g\000u\000e\000s\000.\000p\000y}{section.3.4}% 26
\BOOKMARK [2][-]{subsection.3.4.4}{\376\377\000g\000r\000a\000p\000h\000s\000.\000p\000y}{section.3.4}% 27
\BOOKMARK [2][-]{subsection.3.4.5}{\376\377\000m\000i\000s\000c\000.\000p\000y}{section.3.4}% 28
\BOOKMARK [2][-]{subsection.3.4.6}{\376\377\000q\000u\000i\000z\000.\000p\000y}{section.3.4}% 29
\BOOKMARK [2][-]{subsection.3.4.7}{\376\377\000e\000d\000i\000t\000\137\000s\000e\000r\000v\000i\000c\000e\000.\000p\000y}{section.3.4}% 30
\BOOKMARK [1][-]{section.3.5}{\376\377\000S\000\355\000n\000t\000e\000s\000e}{chapter.3}% 31
\BOOKMARK [0][-]{chapter.4}{\376\377\000F\000u\000n\000c\000i\000o\000n\000a\000l\000i\000d\000a\000d\000e\000s\000\040\000d\000a\000\040\000A\000p\000l\000i\000c\000a\000\347\000\343\000o\000\040\000\050\000U\000I\000\051}{}% 32
\BOOKMARK [0][-]{chapter.5}{\376\377\000F\000u\000n\000c\000i\000o\000n\000a\000l\000i\000d\000a\000d\000e\000s\000\040\000d\000e\000\040\000A\000d\000m\000i\000n\000i\000s\000t\000r\000a\000d\000o\000r\000\040\000\050\000A\000u\000t\000e\000n\000t\000i\000c\000a\000\347\000\343\000o\000\040\000e\000\040\000O\000p\000e\000r\000a\000\347\000\365\000e\000s\000\040\000C\000R\000U\000D\000\051}{}% 33
\BOOKMARK [0][-]{chapter.6}{\376\377\000C\000o\000n\000c\000l\000u\000s\000\365\000e\000s}{}% 34
\BOOKMARK [0][-]{chapter.7}{\376\377\000C\000o\000n\000f\000i\000g\000u\000r\000a\000\347\000\365\000e\000s\000\040\000p\000a\000r\000a\000\040\000e\000x\000e\000c\000u\000t\000a\000r\000\040\000a\000\040\000a\000p\000p}{}% 35
\BOOKMARK [1][-]{section.7.1}{\376\377\000V\000i\000s\000\343\000o\000\040\000g\000e\000r\000a\000l}{chapter.7}% 36
\BOOKMARK [1][-]{section.7.2}{\376\377\000F\000i\000c\000h\000e\000i\000r\000o\000s\000\040\000e\000\040\000d\000i\000r\000e\000t\000\363\000r\000i\000o\000s\000\040\000r\000e\000l\000e\000v\000a\000n\000t\000e\000s}{chapter.7}% 37
\BOOKMARK [1][-]{section.7.3}{\376\377\000P\000r\000\351\000-\000r\000e\000q\000u\000i\000s\000i\000t\000o\000s}{chapter.7}% 38
\BOOKMARK [1][-]{section.7.4}{\376\377\000E\000x\000e\000c\000u\000\347\000\343\000o\000\040\000m\000a\000n\000u\000a\000l}{chapter.7}% 39
\BOOKMARK [2][-]{subsection.7.4.1}{\376\377\0001\000.\000\040\000C\000r\000i\000a\000r\000\040\000o\000\040\000a\000m\000b\000i\000e\000n\000t\000e\000\040\000v\000i\000r\000t\000u\000a\000l}{section.7.4}% 40
\BOOKMARK [2][-]{subsection.7.4.2}{\376\377\0002\000.\000\040\000G\000e\000r\000a\000r\000\040\000o\000\040\000R\000D\000F}{section.7.4}% 41
\BOOKMARK [2][-]{subsection.7.4.3}{\376\377\0003\000.\000\040\000I\000n\000i\000c\000i\000a\000r\000\040\000o\000\040\000G\000r\000a\000p\000h\000D\000B\000\040\000e\000\040\000c\000r\000i\000a\000r\000\040\000o\000\040\000r\000e\000p\000o\000s\000i\000t\000\363\000r\000i\000o}{section.7.4}% 42
\BOOKMARK [2][-]{subsection.7.4.4}{\376\377\0004\000.\000\040\000P\000r\000e\000p\000a\000r\000a\000r\000\040\000a\000\040\000b\000a\000s\000e\000\040\000d\000e\000\040\000d\000a\000d\000o\000s\000\040\000D\000j\000a\000n\000g\000o}{section.7.4}% 43
\BOOKMARK [2][-]{subsection.7.4.5}{\376\377\0005\000.\000\040\000I\000n\000i\000c\000i\000a\000r\000\040\000o\000\040\000s\000e\000r\000v\000i\000d\000o\000r\000\040\000w\000e\000b}{section.7.4}% 44
\BOOKMARK [1][-]{section.7.5}{\376\377\000F\000l\000u\000x\000o\000\040\000c\000o\000m\000p\000l\000e\000t\000o\000\040\000r\000e\000c\000o\000m\000e\000n\000d\000a\000d\000o}{chapter.7}% 45
\BOOKMARK [1][-]{section.7.6}{\376\377\000P\000a\000r\000a\000r\000\040\000e\000\040\000r\000e\000c\000o\000n\000s\000t\000r\000u\000i\000r\000\040\000o\000\040\000r\000e\000p\000o\000s\000i\000t\000\363\000r\000i\000o}{chapter.7}% 46
\BOOKMARK [1][-]{section.7.7}{\376\377\000E\000x\000e\000c\000u\000\347\000\343\000o\000\040\000c\000o\000m\000\040\000D\000o\000c\000k\000e\000r}{chapter.7}% 47
\BOOKMARK [1][-]{section.7.8}{\376\377\000N\000o\000t\000a\000s\000\040\000f\000i\000n\000a\000i\000s\000\040\000d\000e\000\040\000e\000x\000e\000c\000u\000\347\000\343\000o}{chapter.7}% 48
